#!/usr/bin/env bash

set -euo pipefail

SCRIPT_DIR="$(cd -- "$(dirname -- "${BASH_SOURCE[0]}")" && pwd)"
REPO_ROOT="$(cd -- "$SCRIPT_DIR/.." && pwd)"

CLI_BIN="${CLI_BIN:-openshell}"
SANDBOX_NAME="${SANDBOX_NAME:-nemoclaw}"
WELCOME_UI_PATTERN="${WELCOME_UI_PATTERN:-node server.js}"
NEMOCLAW_IMAGE="${NEMOCLAW_IMAGE:-ghcr.io/nvidia/openshell-community/sandboxes/nemoclaw:latest}"
REMOVE_IMAGE="${REMOVE_IMAGE:-0}"

log() {
  printf '[reset] %s\n' "$*"
}

try_run() {
  if "$@"; then
    return 0
  fi
  return 1
}

stop_welcome_ui() {
  if pgrep -f "$WELCOME_UI_PATTERN" >/dev/null 2>&1; then
    log "Stopping Welcome UI processes matching: $WELCOME_UI_PATTERN"
    pkill -f "$WELCOME_UI_PATTERN" || true
  else
    log "No Welcome UI process found"
  fi
}

delete_sandbox() {
  log "Deleting sandbox: $SANDBOX_NAME"
  if ! try_run "$CLI_BIN" sandbox delete "$SANDBOX_NAME"; then
    log "Sandbox delete returned non-zero; continuing"
  fi
}

stop_forward() {
  if "$CLI_BIN" forward --help >/dev/null 2>&1; then
    log "Stopping forwarded port 18789 for $SANDBOX_NAME"
    if ! try_run "$CLI_BIN" forward stop 18789 "$SANDBOX_NAME"; then
      log "Forward stop returned non-zero; continuing"
    fi
  else
    log "openshell forward subcommand unavailable; skipping forward stop"
  fi
}

cleanup_logs() {
  log "Removing temporary logs and generated policy files"
  rm -f \
    /tmp/welcome-ui.log \
    /tmp/nemoclaw-sandbox-create.log \
    /tmp/sandbox-policy-*.yaml
}

remove_image() {
  if [[ "$REMOVE_IMAGE" == "1" || "$REMOVE_IMAGE" == "true" || "$REMOVE_IMAGE" == "yes" ]]; then
    log "Removing local image: $NEMOCLAW_IMAGE"
    if ! try_run docker rmi "$NEMOCLAW_IMAGE"; then
      log "Image removal returned non-zero; continuing"
    fi
  else
    log "Leaving local image in place (set REMOVE_IMAGE=1 to remove it)"
  fi
}

main() {
  log "Repo root: $REPO_ROOT"
  stop_welcome_ui
  delete_sandbox
  stop_forward
  cleanup_logs
  remove_image
  log "Reset complete"
}

main "$@"
